{
  "stats": {
    "suites": 1,
    "tests": 3,
    "passes": 3,
    "pending": 0,
    "failures": 0,
    "start": "2024-01-10T03:49:29.796Z",
    "end": "2024-01-10T03:49:39.487Z",
    "duration": 9691,
    "testsRegistered": 3,
    "passPercent": 100,
    "pendingPercent": 0,
    "other": 0,
    "hasOther": false,
    "skipped": 0,
    "hasSkipped": false
  },
  "results": [
    {
      "uuid": "0ca38b17-bd27-4437-aa1b-da71dd400e71",
      "title": "",
      "fullFile": "cypress\\e2e\\ui-test-suite\\ui-demo-test-one.spec.js",
      "file": "cypress\\e2e\\ui-test-suite\\ui-demo-test-one.spec.js",
      "beforeHooks": [],
      "afterHooks": [],
      "tests": [],
      "suites": [
        {
          "uuid": "27300965-4704-490a-8cee-d7d9373f662e",
          "title": "Verify Positive Test Cases for Countact Us Page",
          "fullFile": "",
          "file": "",
          "beforeHooks": [],
          "afterHooks": [],
          "tests": [
            {
              "title": "Demo Test One: Verify if user is able to enter Name",
              "fullTitle": "Verify Positive Test Cases for Countact Us Page Demo Test One: Verify if user is able to enter Name",
              "timedOut": null,
              "duration": 3617,
              "state": "passed",
              "speed": "fast",
              "pass": true,
              "fail": false,
              "pending": false,
              "context": null,
              "code": "cy.openApp();\n_navigationPage.onNavigationPage.clickContactUsButton();\n_contactUsPage.onContactUsPage.enterName(testName);",
              "err": {},
              "uuid": "8aae6c5a-36cb-40f8-9d0a-c52de9948e25",
              "parentUUID": "27300965-4704-490a-8cee-d7d9373f662e",
              "isHook": false,
              "skipped": false
            },
            {
              "title": "Demo Test Two: Verify if user is able to enter Phone Number",
              "fullTitle": "Verify Positive Test Cases for Countact Us Page Demo Test Two: Verify if user is able to enter Phone Number",
              "timedOut": null,
              "duration": 2811,
              "state": "passed",
              "speed": "fast",
              "pass": true,
              "fail": false,
              "pending": false,
              "context": null,
              "code": "cy.openApp();\n_navigationPage.onNavigationPage.clickContactUsButton();\n_contactUsPage.onContactUsPage.enterPhone(testPhoneNumber);",
              "err": {},
              "uuid": "c820e27f-baab-443e-87f1-e6879bfba9f7",
              "parentUUID": "27300965-4704-490a-8cee-d7d9373f662e",
              "isHook": false,
              "skipped": false
            },
            {
              "title": "Demo Test Three: Verify if user is able to enter Email",
              "fullTitle": "Verify Positive Test Cases for Countact Us Page Demo Test Three: Verify if user is able to enter Email",
              "timedOut": null,
              "duration": 3171,
              "state": "passed",
              "speed": "fast",
              "pass": true,
              "fail": false,
              "pending": false,
              "context": null,
              "code": "cy.openApp();\n_navigationPage.onNavigationPage.clickContactUsButton();\n_contactUsPage.onContactUsPage.enterEmail(testEmail);",
              "err": {},
              "uuid": "e68c7524-69b6-4198-9b6a-01651eb6d570",
              "parentUUID": "27300965-4704-490a-8cee-d7d9373f662e",
              "isHook": false,
              "skipped": false
            }
          ],
          "suites": [],
          "passes": [
            "8aae6c5a-36cb-40f8-9d0a-c52de9948e25",
            "c820e27f-baab-443e-87f1-e6879bfba9f7",
            "e68c7524-69b6-4198-9b6a-01651eb6d570"
          ],
          "failures": [],
          "pending": [],
          "skipped": [],
          "duration": 9599,
          "root": false,
          "rootEmpty": false,
          "_timeout": 2000
        }
      ],
      "passes": [],
      "failures": [],
      "pending": [],
      "skipped": [],
      "duration": 0,
      "root": true,
      "rootEmpty": true,
      "_timeout": 2000
    }
  ],
  "meta": {
    "mocha": {
      "version": "7.0.1"
    },
    "mochawesome": {
      "options": {
        "quiet": false,
        "reportFilename": "mochawesome",
        "saveHtml": false,
        "saveJson": true,
        "consoleReporter": "spec",
        "useInlineDiffs": false,
        "code": true
      },
      "version": "7.1.3"
    },
    "marge": {
      "options": {
        "id": "default",
        "reportDir": "cypress/results/mochawesome",
        "overwrite": false,
        "html": false,
        "json": true
      },
      "version": "6.2.0"
    }
  }
}