{
  "stats": {
    "suites": 1,
    "tests": 3,
    "passes": 2,
    "pending": 0,
    "failures": 1,
    "start": "2024-01-10T03:49:40.714Z",
    "end": "2024-01-10T03:49:53.410Z",
    "duration": 12696,
    "testsRegistered": 3,
    "passPercent": 66.66666666666666,
    "pendingPercent": 0,
    "other": 0,
    "hasOther": false,
    "skipped": 0,
    "hasSkipped": false
  },
  "results": [
    {
      "uuid": "7eea1cc7-5725-4545-8c44-e7b199b7b366",
      "title": "",
      "fullFile": "cypress\\e2e\\ui-test-suite\\ui-demo-test-two.spec.js",
      "file": "cypress\\e2e\\ui-test-suite\\ui-demo-test-two.spec.js",
      "beforeHooks": [],
      "afterHooks": [],
      "tests": [],
      "suites": [
        {
          "uuid": "010daf04-5241-4773-b8ba-039bde8536af",
          "title": "Verify Negative Test Cases for Countact Us Page",
          "fullFile": "",
          "file": "",
          "beforeHooks": [],
          "afterHooks": [],
          "tests": [
            {
              "title": "Demo Test Four: Verify if Name id require once user click Submit button",
              "fullTitle": "Verify Negative Test Cases for Countact Us Page Demo Test Four: Verify if Name id require once user click Submit button",
              "timedOut": null,
              "duration": 2953,
              "state": "passed",
              "speed": "fast",
              "pass": true,
              "fail": false,
              "pending": false,
              "context": null,
              "code": "cy.openApp();\n_navigationPage.onNavigationPage.clickContactUsButton();\n_contactUsPage.onContactUsPage.clickSubmitButton();\n_contactUsPage.onContactUsPage.verifyNameTextFieldAlert();",
              "err": {},
              "uuid": "b12ed6e2-80f8-4f0b-b81f-64934ef83ebf",
              "parentUUID": "010daf04-5241-4773-b8ba-039bde8536af",
              "isHook": false,
              "skipped": false
            },
            {
              "title": "Demo Test Five: Verify if Phone Number is require once user click Submit button",
              "fullTitle": "Verify Negative Test Cases for Countact Us Page Demo Test Five: Verify if Phone Number is require once user click Submit button",
              "timedOut": null,
              "duration": 2943,
              "state": "passed",
              "speed": "fast",
              "pass": true,
              "fail": false,
              "pending": false,
              "context": null,
              "code": "cy.openApp();\n_navigationPage.onNavigationPage.clickContactUsButton();\n_contactUsPage.onContactUsPage.clickSubmitButton();\n_contactUsPage.onContactUsPage.verifyPhoneTextFieldAlert();",
              "err": {},
              "uuid": "4ca8d0ff-ccde-43ba-91e6-daffe68f8fbd",
              "parentUUID": "010daf04-5241-4773-b8ba-039bde8536af",
              "isHook": false,
              "skipped": false
            },
            {
              "title": "Demo Test Six: Verify if Email is require once user click Submit button",
              "fullTitle": "Verify Negative Test Cases for Countact Us Page Demo Test Six: Verify if Email is require once user click Submit button",
              "timedOut": null,
              "duration": 6714,
              "state": "failed",
              "speed": null,
              "pass": false,
              "fail": true,
              "pending": false,
              "context": null,
              "code": "cy.openApp();\n_navigationPage.onNavigationPage.clickContactUsButton();\n_contactUsPage.onContactUsPage.clickSubmitButton();\n_contactUsPage.onContactUsPage.verifyEmailTextFieldAlert();",
              "err": {
                "message": "AssertionError: Timed out retrying after 4000ms: expected 'Please fill out this field.' to equal 'Lorem Ipsum'",
                "estack": "AssertionError: Timed out retrying after 4000ms: expected 'Please fill out this field.' to equal 'Lorem Ipsum'\n    at ContactUsPage.verifyEmailTextFieldAlert (webpack://javascript-cypress-starter/./cypress/support/page-objects/contactUsPage.js:15:7)\n    at Context.eval (webpack://javascript-cypress-starter/./cypress/e2e/ui-test-suite/ui-demo-test-two.spec.js:23:20)",
                "diff": "- 'Please fill out this field.'\n+ 'Lorem Ipsum'\n"
              },
              "uuid": "81da5688-c12b-40e5-aa4d-04e59b6cdbc8",
              "parentUUID": "010daf04-5241-4773-b8ba-039bde8536af",
              "isHook": false,
              "skipped": false
            }
          ],
          "suites": [],
          "passes": [
            "b12ed6e2-80f8-4f0b-b81f-64934ef83ebf",
            "4ca8d0ff-ccde-43ba-91e6-daffe68f8fbd"
          ],
          "failures": [
            "81da5688-c12b-40e5-aa4d-04e59b6cdbc8"
          ],
          "pending": [],
          "skipped": [],
          "duration": 12610,
          "root": false,
          "rootEmpty": false,
          "_timeout": 2000
        }
      ],
      "passes": [],
      "failures": [],
      "pending": [],
      "skipped": [],
      "duration": 0,
      "root": true,
      "rootEmpty": true,
      "_timeout": 2000
    }
  ],
  "meta": {
    "mocha": {
      "version": "7.0.1"
    },
    "mochawesome": {
      "options": {
        "quiet": false,
        "reportFilename": "mochawesome",
        "saveHtml": false,
        "saveJson": true,
        "consoleReporter": "spec",
        "useInlineDiffs": false,
        "code": true
      },
      "version": "7.1.3"
    },
    "marge": {
      "options": {
        "id": "default",
        "reportDir": "cypress/results/mochawesome",
        "overwrite": false,
        "html": false,
        "json": true
      },
      "version": "6.2.0"
    }
  }
}